# JRE version: Java(TM) SE Runtime Environment (21.0.1+12) (build 21.0.1+12-LTS-29)
# Java VM: Java HotSpot(TM) 64-Bit Server VM (21.0.1+12-LTS-29, mixed mode, sharing, tiered, compressed oops, compressed class ptrs, g1 gc, windows-amd64)
GC Precious Log:
 CardTable entry size: 512
 Card Set container configuration: InlinePtr #cards 4 size 8 Array Of Cards #cards 16 size 48 Howl #buckets 8 coarsen threshold 3686 Howl Bitmap #cards 512 size 80 coarsen threshold 460 Card regions per heap region 1 cards per card region 4096
 CPUs: 2 total, 2 available
 Memory: 15559M
 Large Page Support: Disabled
 NUMA Support: Disabled
 Compressed Oops: Enabled (Zero based)
 Heap Region Size: 2M
 Heap Min Capacity: 8M
 Heap Initial Capacity: 244M
 Heap Max Capacity: 3890M
 Pre-touch: Disabled
 Parallel Workers: 2
 Concurrent Workers: 1
 Concurrent Refinement Workers: 2
 Periodic GC: Disabled
Heap:
 garbage-first heap   total 55296K, used 25508K [0x000000070ce00000, 0x0000000800000000)
  region size 2048K, 2 young (4096K), 1 survivors (2048K)
 Metaspace       used 35546K, committed 36096K, reserved 1114112K
  class space    used 4424K, committed 4672K, reserved 1048576K
GC Heap History (20 events):
Event: 19.934 GC heap before
{Heap before GC invocations=4 (full 0):
 garbage-first heap   total 249856K, used 48788K [0x000000070ce00000, 0x0000000800000000)
  region size 2048K, 22 young (45056K), 2 survivors (4096K)
 Metaspace       used 21119K, committed 21504K, reserved 1114112K
  class space    used 2583K, committed 2752K, reserved 1048576K
}
Event: 19.952 GC heap after
{Heap after GC invocations=5 (full 0):
 garbage-first heap   total 249856K, used 13538K [0x000000070ce00000, 0x0000000800000000)
  region size 2048K, 2 young (4096K), 2 survivors (4096K)
 Metaspace       used 21119K, committed 21504K, reserved 1114112K
  class space    used 2583K, committed 2752K, reserved 1048576K
}
Event: 26.235 GC heap before
{Heap before GC invocations=6 (full 0):
 garbage-first heap   total 55296K, used 40162K [0x000000070ce00000, 0x0000000800000000)
  region size 2048K, 16 young (32768K), 2 survivors (4096K)
 Metaspace       used 21974K, committed 22400K, reserved 1114112K
  class space    used 2671K, committed 2880K, reserved 1048576K
}
Event: 26.254 GC heap after
{Heap after GC invocations=7 (full 0):
 garbage-first heap   total 55296K, used 14871K [0x000000070ce00000, 0x0000000800000000)
  region size 2048K, 2 young (4096K), 2 survivors (4096K)
 Metaspace       used 21974K, committed 22400K, reserved 1114112K
  class space    used 2671K, committed 2880K, reserved 1048576K
}
Event: 30.123 GC heap before
{Heap before GC invocations=7 (full 0):
 garbage-first heap   total 55296K, used 41495K [0x000000070ce00000, 0x0000000800000000)
  region size 2048K, 15 young (30720K), 2 survivors (4096K)
 Metaspace       used 23687K, committed 24128K, reserved 1114112K
  class space    used 2854K, committed 3072K, reserved 1048576K
}
Event: 30.158 GC heap after
{Heap after GC invocations=8 (full 0):
 garbage-first heap   total 55296K, used 17084K [0x000000070ce00000, 0x0000000800000000)
  region size 2048K, 2 young (4096K), 2 survivors (4096K)
 Metaspace       used 23687K, committed 24128K, reserved 1114112K
  class space    used 2854K, committed 3072K, reserved 1048576K
}
Event: 34.564 GC heap before
{Heap before GC invocations=8 (full 0):
 garbage-first heap   total 55296K, used 41660K [0x000000070ce00000, 0x0000000800000000)
  region size 2048K, 15 young (30720K), 2 survivors (4096K)
 Metaspace       used 25179K, committed 25664K, reserved 1114112K
  class space    used 3030K, committed 3264K, reserved 1048576K
}
Event: 34.601 GC heap after
{Heap after GC invocations=9 (full 0):
 garbage-first heap   total 55296K, used 18559K [0x000000070ce00000, 0x0000000800000000)
  region size 2048K, 1 young (2048K), 1 survivors (2048K)
 Metaspace       used 25179K, committed 25664K, reserved 1114112K
  class space    used 3030K, committed 3264K, reserved 1048576K
}
Event: 37.910 GC heap before
{Heap before GC invocations=9 (full 0):
 garbage-first heap   total 55296K, used 45183K [0x000000070ce00000, 0x0000000800000000)
  region size 2048K, 14 young (28672K), 1 survivors (2048K)
 Metaspace       used 26835K, committed 27264K, reserved 1114112K
  class space    used 3236K, committed 3456K, reserved 1048576K
}
Event: 37.918 GC heap after
{Heap after GC invocations=10 (full 0):
 garbage-first heap   total 55296K, used 19660K [0x000000070ce00000, 0x0000000800000000)
  region size 2048K, 2 young (4096K), 2 survivors (4096K)
 Metaspace       used 26835K, committed 27264K, reserved 1114112K
  class space    used 3236K, committed 3456K, reserved 1048576K
}
Event: 42.257 GC heap before
{Heap before GC invocations=10 (full 0):
 garbage-first heap   total 55296K, used 44236K [0x000000070ce00000, 0x0000000800000000)
  region size 2048K, 14 young (28672K), 2 survivors (4096K)
 Metaspace       used 28413K, committed 28864K, reserved 1114112K
  class space    used 3436K, committed 3648K, reserved 1048576K
}
Event: 42.284 GC heap after
{Heap after GC invocations=11 (full 0):
 garbage-first heap   total 55296K, used 20734K [0x000000070ce00000, 0x0000000800000000)
  region size 2048K, 2 young (4096K), 2 survivors (4096K)
 Metaspace       used 28413K, committed 28864K, reserved 1114112K
  class space    used 3436K, committed 3648K, reserved 1048576K
}
Event: 46.427 GC heap before
{Heap before GC invocations=11 (full 0):
 garbage-first heap   total 55296K, used 43262K [0x000000070ce00000, 0x0000000800000000)
  region size 2048K, 14 young (28672K), 2 survivors (4096K)
 Metaspace       used 29829K, committed 30272K, reserved 1114112K
  class space    used 3644K, committed 3840K, reserved 1048576K
}
Event: 46.438 GC heap after
{Heap after GC invocations=12 (full 0):
 garbage-first heap   total 55296K, used 22440K [0x000000070ce00000, 0x0000000800000000)
  region size 2048K, 2 young (4096K), 2 survivors (4096K)
 Metaspace       used 29829K, committed 30272K, reserved 1114112K
  class space    used 3644K, committed 3840K, reserved 1048576K
}
Event: 49.693 GC heap before
{Heap before GC invocations=12 (full 0):
 garbage-first heap   total 55296K, used 44968K [0x000000070ce00000, 0x0000000800000000)
  region size 2048K, 13 young (26624K), 2 survivors (4096K)
 Metaspace       used 31336K, committed 31872K, reserved 1114112K
  class space    used 3838K, committed 4096K, reserved 1048576K
}
Event: 49.705 GC heap after
{Heap after GC invocations=13 (full 0):
 garbage-first heap   total 55296K, used 22894K [0x000000070ce00000, 0x0000000800000000)
  region size 2048K, 1 young (2048K), 1 survivors (2048K)
 Metaspace       used 31336K, committed 31872K, reserved 1114112K
  class space    used 3838K, committed 4096K, reserved 1048576K
}
Event: 56.156 GC heap before
{Heap before GC invocations=13 (full 0):
 garbage-first heap   total 55296K, used 47470K [0x000000070ce00000, 0x0000000800000000)
  region size 2048K, 13 young (26624K), 1 survivors (2048K)
 Metaspace       used 34023K, committed 34624K, reserved 1114112K
  class space    used 4278K, committed 4544K, reserved 1048576K
}
Event: 56.168 GC heap after
{Heap after GC invocations=14 (full 0):
 garbage-first heap   total 55296K, used 24942K [0x000000070ce00000, 0x0000000800000000)
  region size 2048K, 2 young (4096K), 2 survivors (4096K)
 Metaspace       used 34023K, committed 34624K, reserved 1114112K
  class space    used 4278K, committed 4544K, reserved 1048576K
}
Event: 59.202 GC heap before
{Heap before GC invocations=14 (full 0):
 garbage-first heap   total 55296K, used 29038K [0x000000070ce00000, 0x0000000800000000)
  region size 2048K, 6 young (12288K), 2 survivors (4096K)
 Metaspace       used 35427K, committed 35968K, reserved 1114112K
  class space    used 4415K, committed 4672K, reserved 1048576K
}
Event: 59.220 GC heap after
{Heap after GC invocations=15 (full 0):
 garbage-first heap   total 55296K, used 25508K [0x000000070ce00000, 0x0000000800000000)
  region size 2048K, 1 young (2048K), 1 survivors (2048K)
 Metaspace       used 35427K, committed 35968K, reserved 1114112K
  class space    used 4415K, committed 4672K, reserved 1048576K
}

